Arguments: 
  /usr/local/bin/node /usr/local/Cellar/yarn/1.9.4/libexec/bin/yarn.js add babel-presets-es2015

PATH: 
  /Users/mokapos/.cargo/bin:/Users/mokapos/PostgreSQL/pg10/bin/:/usr/local/bin:/usr/bin:/bin:/usr/sbin:/sbin:/usr/local/share/dotnet:~/.dotnet/tools:/Library/Frameworks/Mono.framework/Versions/Current/Commands:/Users/mokapos/.cargo/bin:/Users/mokapos/PostgreSQL/pg10/bin/:/Users/mokapos/.rvm/bin:/Users/mokapos/.local/bin:/Users/mokapos/.local/bin

Yarn version: 
  1.9.4

Node version: 
  8.11.4

Platform: 
  darwin x64

Trace: 
  Error: https://registry.yarnpkg.com/babel-presets-es2015: Not found
      at Request.params.callback [as _callback] (/usr/local/Cellar/yarn/1.9.4/libexec/lib/cli.js:64202:18)
      at Request.self.callback (/usr/local/Cellar/yarn/1.9.4/libexec/lib/cli.js:137468:22)
      at emitTwo (events.js:126:13)
      at Request.emit (events.js:214:7)
      at Request.<anonymous> (/usr/local/Cellar/yarn/1.9.4/libexec/lib/cli.js:138440:10)
      at emitOne (events.js:116:13)
      at Request.emit (events.js:211:7)
      at IncomingMessage.<anonymous> (/usr/local/Cellar/yarn/1.9.4/libexec/lib/cli.js:138362:12)
      at Object.onceWrapper (events.js:313:30)
      at emitNone (events.js:111:20)

npm manifest: 
  {
    "name": "react-monthly-calendar",
    "version": "0.1.0",
    "description": "A Monthly Calendar for react",
    "main": "lib/index.js",
    "scripts": {
      "dev": "concurrently \"npm run lib:watch\" \"npm run docs\"",
      "lib": "babel src/lib -d lib --copy-files",
      "lib:watch": "babel src/lib -w -d lib --copy-files",
      "docs": "webpack-dev-server --mode development",
      "docs:prod": "webpack --mode production"
    },
    "keywords": [
      "calendar",
      "react"
    ],
    "license": "MIT",
    "peerDependencies": {
      "react": "15.3.0",
      "react-dom": "15.3.0"
    },
    "devDependencies": {
      "@babel/cli": "7.0.0-beta.46",
      "@babel/core": "7.0.0-beta.46",
      "@babel/plugin-proposal-class-properties": "7.0.0-beta.46",
      "@babel/plugin-proposal-object-rest-spread": "7.0.0-beta.46",
      "@babel/preset-env": "7.0.0-beta.46",
      "@babel/preset-react": "7.0.0-beta.46",
      "babel-loader": "8.0.0-beta.0",
      "concurrently": "4.0.1",
      "css-loader": "1.0.0",
      "html-webpack-plugin": "3.2.0",
      "react": "^16.6.3",
      "react-dom": "^16.6.3",
      "style-loader": "0.23.1",
      "webpack": "4.6.0",
      "webpack-cli": "3.1.2",
      "webpack-dev-server": "3.1.3"
    },
    "author": "Vidy alfredo <alfredovidy@gmail.com>",
    "homepage": "https://github.com/lambdaAgent/react-monthly-calendar",
    "repository": {
      "type": "git",
      "url": "git@github.com:lambdaAgent/react-monthly-calendar.git"
    },
    "dependencies": {
      "prop-types": "^15.6.2"
    }
  }

yarn manifest: 
  No manifest

Lockfile: 
  No lockfile
